<?xml version="1.0" encoding="UTF-8"?><testsuite name="nosetests" tests="50" errors="0" failures="0" skip="0"><testcase classname="tests.rewrite_objects.test_condition.TestConditionFlag" name="test_parsing" time="0.000"></testcase><testcase classname="tests.rewrite_objects.test_condition.TestConditionFlag" name="test_parsing_no_flags" time="0.000"></testcase><testcase classname="tests.rewrite_objects.test_condition.TestConditionFlagParsing" name="test_find_all" time="0.000"></testcase><testcase classname="tests.rewrite_objects.test_condition.TestConditionFlagParsing" name="test_individual_flags" time="0.000"></testcase><testcase classname="tests.rewrite_objects.test_condition.TestRewriteConditionChaining" name="test_looks_at_all_by_default_for_true" time="0.000"></testcase><testcase classname="tests.rewrite_objects.test_condition.TestRewriteConditionChaining" name="test_looks_at_both_for_first_false_with_or" time="0.000"></testcase><testcase classname="tests.rewrite_objects.test_condition.TestRewriteConditionChaining" name="test_only_looks_at_first_for_true_with_or" time="0.000"></testcase><testcase classname="tests.rewrite_objects.test_condition.TestRewriteConditionChaining" name="test_short_circuits_on_false" time="0.000"></testcase><testcase classname="tests.rewrite_objects.test_condition.TestRewriteConditionParsing" name="test_match_with_flags" time="0.000"></testcase><testcase classname="tests.rewrite_objects.test_condition.TestRewriteConditionParsing" name="test_match_without_fields" time="0.000"></testcase><testcase classname="tests.rewrite_objects.test_context.TestContextDirectiveConsume" name="test_handles_consecutive_ok" time="0.000"></testcase><testcase classname="tests.rewrite_objects.test_context.TestContextDirectiveConsume" name="test_handles_empty_ok" time="0.000"></testcase><testcase classname="tests.rewrite_objects.test_context.TestContextDirectiveConsume" name="test_nested" time="0.000"></testcase><testcase classname="tests.rewrite_objects.test_context.TestContextDirectiveConsume" name="test_raises_value_error" time="0.000"></testcase><testcase classname="tests.rewrite_objects.test_context.TestContextDirectiveConsume" name="test_unnested" time="0.000"></testcase><testcase classname="tests.rewrite_objects.test_format_string.TestFormatStringParsing" name="test_consumes_properly" time="0.000"></testcase><testcase classname="tests.rewrite_objects.test_format_string.TestFormatStringParsing" name="test_handles_characters" time="0.000"></testcase><testcase classname="tests.rewrite_objects.test_main_context.TestFindHost" name="test_prefers_no_wildcards" time="0.000"></testcase><testcase classname="tests.rewrite_objects.test_main_context.TestFindHost" name="test_returns_first_of_a_tie" time="0.000"></testcase><testcase classname="tests.rewrite_objects.test_main_context.TestFindHost" name="test_returns_self" time="0.000"></testcase><testcase classname="tests.rewrite_objects.test_main_context.TestFindHost" name="test_tries_server_name_to_break_tie" time="0.000"></testcase><testcase classname="tests.rewrite_objects.test_main_context.TestMainContextParsing" name="test_consumes_multiple" time="0.000"></testcase><testcase classname="tests.rewrite_objects.test_main_context.TestMainContextParsing" name="test_consumes_properly" time="0.000"></testcase><testcase classname="tests.rewrite_objects.test_pattern.TestGetRightPattern" name="test_integral_pattern" time="0.000"></testcase><testcase classname="tests.rewrite_objects.test_pattern.TestGetRightPattern" name="test_lexico_pattern" time="0.000"></testcase><testcase classname="tests.rewrite_objects.test_pattern.TestGetRightPattern" name="test_regex_pattern" time="0.000"></testcase><testcase classname="tests.rewrite_objects.test_pattern.TestIntegralCondPattern" name="test_evaluates_properly" time="0.000"></testcase><testcase classname="tests.rewrite_objects.test_pattern.TestLexicographicalCondPattern" name="test_evaluates_properly" time="0.000"></testcase><testcase classname="tests.rewrite_objects.test_pattern.TestRegexCondPattern" name="test_evaluates_properly" time="0.000"></testcase><testcase classname="tests.rewrite_objects.test_rule.TestRewriteRule" name="test_basic_parsing" time="0.000"></testcase><testcase classname="tests.rewrite_objects.test_rule.TestRewriteRule" name="test_parsing_with_flag" time="0.000"></testcase><testcase classname="tests.rewrite_objects.test_rule.TestRewriteRuleFlagParsing" name="test_find_all" time="0.000"></testcase><testcase classname="tests.rewrite_objects.test_rule.TestRewriteRuleFlagParsing" name="test_rewrite_rule_flags" time="0.001"></testcase><testcase classname="tests.rewrite_objects.test_virtual_host.TestMatchRequest" name="test_gets_perfect_match" time="0.000"></testcase><testcase classname="tests.rewrite_objects.test_virtual_host.TestMatchRequest" name="test_ip_wildcard_forces" time="0.000"></testcase><testcase classname="tests.rewrite_objects.test_virtual_host.TestMatchRequest" name="test_port_wildcard_forces" time="0.000"></testcase><testcase classname="tests.rewrite_objects.test_virtual_host.TestMatchRequest" name="test_uses_default" time="0.000"></testcase><testcase classname="tests.rewrite_objects.test_virtual_host.TestVirtualHost" name="test_more_elaborate_parse" time="0.001"></testcase><testcase classname="tests.rewrite_objects.test_virtual_host.TestVirtualHost" name="test_parses_properly" time="0.000"></testcase><testcase classname="tests.test_environment.TestUpdateEnvironment" name="test_hashes_work_properly" time="0.000"></testcase><testcase classname="tests.test_environment.TestUpdateEnvironment" name="test_sets_properly" time="0.000"></testcase><testcase classname="tests.test_environment.TestUpdateEnvironment" name="test_unsets_expectedly" time="0.000"></testcase><testcase classname="tests.test_utils.TestExpandIncludes" name="test_does_nothing" time="0.000"></testcase><testcase classname="tests.test_utils.TestExpandIncludes" name="test_includes_stuff" time="0.000"></testcase><testcase classname="tests.test_utils.TestExpandIncludes" name="test_nested_includes" time="0.000"></testcase><testcase classname="tests.test_utils.TestExpandIncludes" name="test_optional_include_absent" time="0.000"></testcase><testcase classname="tests.test_utils.TestExpandIncludes" name="test_optional_include_present" time="0.000"></testcase><testcase classname="tests.test_utils.TestJoinContinuedLines" name="test_invalid_raises_value_error" time="0.000"></testcase><testcase classname="tests.test_utils.TestJoinContinuedLines" name="test_leaves_stuff_alone" time="0.000"></testcase><testcase classname="tests.test_utils.TestJoinContinuedLines" name="test_lines_are_joined" time="0.000"></testcase></testsuite>